<?xml version="1.0" encoding="UTF-8" ?>
<testsuite tests="2" failures="0" name="TestSum" time="0.078" errors="1" skipped="0">
  <properties>
    <property name="idea.version" value="2020.2.1"/>
    <property name="java.runtime.name" value="OpenJDK Runtime Environment"/>
    <property name="java.vm.version" value="14.0.2+12-46"/>
    <property name="sun.boot.library.path" value="/Users/anastasiakovaleva/Library/Java/JavaVirtualMachines/openjdk-14.0.2/Contents/Home/lib"/>
    <property name="maven.multiModuleProjectDirectory" value="/Users/anastasiakovaleva/Desktop/6sem/крощенко/настя/task 12/lab12-1"/>
    <property name="java.vm.vendor" value="Oracle Corporation"/>
    <property name="java.vendor.url" value="https://java.oracle.com/"/>
    <property name="guice.disable.misplaced.annotation.check" value="true"/>
    <property name="path.separator" value=":"/>
    <property name="java.vm.name" value="OpenJDK 64-Bit Server VM"/>
    <property name="user.country" value="BY"/>
    <property name="sun.java.launcher" value="SUN_STANDARD"/>
    <property name="java.vm.specification.name" value="Java Virtual Machine Specification"/>
    <property name="user.dir" value="/Users/anastasiakovaleva/Desktop/6sem/крощенко/настя/task 12/lab12-1"/>
    <property name="java.vm.compressedOopsMode" value="Zero based"/>
    <property name="java.runtime.version" value="14.0.2+12-46"/>
    <property name="os.arch" value="x86_64"/>
    <property name="java.io.tmpdir" value="/var/folders/jg/syfb0t096z1_602xxfh49v2w0000gn/T/"/>
    <property name="line.separator" value="
"/>
    <property name="java.vm.specification.vendor" value="Oracle Corporation"/>
    <property name="os.name" value="Mac OS X"/>
    <property name="maven.ext.class.path" value="/Users/anastasiakovaleva/Library/Application Support/JetBrains/Toolbox/apps/IDEA-U/ch-0/202.6948.69/IntelliJ IDEA.app/Contents/plugins/maven/lib/maven-event-listener.jar"/>
    <property name="classworlds.conf" value="/Users/anastasiakovaleva/Library/Application Support/JetBrains/Toolbox/apps/IDEA-U/ch-0/202.6948.69/IntelliJ IDEA.app/Contents/plugins/maven/lib/maven3/bin/m2.conf"/>
    <property name="sun.jnu.encoding" value="UTF-8"/>
    <property name="java.library.path" value="/Users/anastasiakovaleva/Library/Java/Extensions:/Library/Java/Extensions:/Network/Library/Java/Extensions:/System/Library/Java/Extensions:/usr/lib/java:."/>
    <property name="maven.conf" value="/Users/anastasiakovaleva/Library/Application Support/JetBrains/Toolbox/apps/IDEA-U/ch-0/202.6948.69/IntelliJ IDEA.app/Contents/plugins/maven/lib/maven3/conf"/>
    <property name="jdk.debug" value="release"/>
    <property name="java.class.version" value="58.0"/>
    <property name="java.specification.name" value="Java Platform API Specification"/>
    <property name="sun.management.compiler" value="HotSpot 64-Bit Tiered Compilers"/>
    <property name="os.version" value="10.16"/>
    <property name="http.nonProxyHosts" value="local|*.local|169.254/16|*.169.254/16"/>
    <property name="user.home" value="/Users/anastasiakovaleva"/>
    <property name="user.timezone" value="Europe/Minsk"/>
    <property name="file.encoding" value="UTF-8"/>
    <property name="java.specification.version" value="14"/>
    <property name="user.name" value="anastasiakovaleva"/>
    <property name="java.class.path" value="/Users/anastasiakovaleva/Library/Application Support/JetBrains/Toolbox/apps/IDEA-U/ch-0/202.6948.69/IntelliJ IDEA.app/Contents/plugins/maven/lib/maven3/boot/plexus-classworlds.license:/Users/anastasiakovaleva/Library/Application Support/JetBrains/Toolbox/apps/IDEA-U/ch-0/202.6948.69/IntelliJ IDEA.app/Contents/plugins/maven/lib/maven3/boot/plexus-classworlds-2.6.0.jar"/>
    <property name="java.vm.specification.version" value="14"/>
    <property name="sun.arch.data.model" value="64"/>
    <property name="sun.java.command" value="org.codehaus.classworlds.Launcher -Didea.version=2020.2.1 package"/>
    <property name="java.home" value="/Users/anastasiakovaleva/Library/Java/JavaVirtualMachines/openjdk-14.0.2/Contents/Home"/>
    <property name="user.language" value="ru"/>
    <property name="java.specification.vendor" value="Oracle Corporation"/>
    <property name="java.vm.info" value="mixed mode, sharing"/>
    <property name="java.version" value="14.0.2"/>
    <property name="java.vendor" value="Oracle Corporation"/>
    <property name="maven.home" value="/Users/anastasiakovaleva/Library/Application Support/JetBrains/Toolbox/apps/IDEA-U/ch-0/202.6948.69/IntelliJ IDEA.app/Contents/plugins/maven/lib/maven3"/>
    <property name="file.separator" value="/"/>
    <property name="java.version.date" value="2020-07-14"/>
    <property name="java.vendor.url.bug" value="https://bugreport.java.com/bugreport/"/>
    <property name="sun.io.unicode.encoding" value="UnicodeBig"/>
    <property name="sun.cpu.endian" value="little"/>
    <property name="socksNonProxyHosts" value="local|*.local|169.254/16|*.169.254/16"/>
    <property name="ftp.nonProxyHosts" value="local|*.local|169.254/16|*.169.254/16"/>
  </properties>
  <testcase classname="TestSum" name="testSumAccum" time="0.004"/>
  <testcase classname="TestSum" name="testSumAccumLong" time="0.074">
    <error message="Java heap space" type="java.lang.OutOfMemoryError">java.lang.OutOfMemoryError: Java heap space
	at TestSum.testSumAccumLong(TestSum.java:12)
	at java.base/jdk.internal.reflect.NativeMethodAccessorImpl.invoke0(Native Method)
	at java.base/jdk.internal.reflect.NativeMethodAccessorImpl.invoke(NativeMethodAccessorImpl.java:62)
	at java.base/jdk.internal.reflect.DelegatingMethodAccessorImpl.invoke(DelegatingMethodAccessorImpl.java:43)
	at java.base/java.lang.reflect.Method.invoke(Method.java:564)
	at org.junit.runners.model.FrameworkMethod$1.runReflectiveCall(FrameworkMethod.java:59)
	at org.junit.internal.runners.model.ReflectiveCallable.run(ReflectiveCallable.java:12)
	at org.junit.runners.model.FrameworkMethod.invokeExplosively(FrameworkMethod.java:56)
	at org.junit.internal.runners.statements.InvokeMethod.evaluate(InvokeMethod.java:17)
	at org.junit.runners.ParentRunner$3.evaluate(ParentRunner.java:306)
	at org.junit.runners.BlockJUnit4ClassRunner$1.evaluate(BlockJUnit4ClassRunner.java:100)
	at org.junit.runners.ParentRunner.runLeaf(ParentRunner.java:366)
	at org.junit.runners.BlockJUnit4ClassRunner.runChild(BlockJUnit4ClassRunner.java:103)
	at org.junit.runners.BlockJUnit4ClassRunner.runChild(BlockJUnit4ClassRunner.java:63)
	at org.junit.runners.ParentRunner$4.run(ParentRunner.java:331)
	at org.junit.runners.ParentRunner$1.schedule(ParentRunner.java:79)
	at org.junit.runners.ParentRunner.runChildren(ParentRunner.java:329)
	at org.junit.runners.ParentRunner.access$100(ParentRunner.java:66)
	at org.junit.runners.ParentRunner$2.evaluate(ParentRunner.java:293)
	at org.junit.runners.ParentRunner$3.evaluate(ParentRunner.java:306)
	at org.junit.runners.ParentRunner.run(ParentRunner.java:413)
	at org.apache.maven.surefire.junit4.JUnit4Provider.execute(JUnit4Provider.java:252)
	at org.apache.maven.surefire.junit4.JUnit4Provider.executeTestSet(JUnit4Provider.java:141)
	at org.apache.maven.surefire.junit4.JUnit4Provider.invoke(JUnit4Provider.java:112)
	at java.base/jdk.internal.reflect.NativeMethodAccessorImpl.invoke0(Native Method)
	at java.base/jdk.internal.reflect.NativeMethodAccessorImpl.invoke(NativeMethodAccessorImpl.java:62)
	at java.base/jdk.internal.reflect.DelegatingMethodAccessorImpl.invoke(DelegatingMethodAccessorImpl.java:43)
	at java.base/java.lang.reflect.Method.invoke(Method.java:564)
	at org.apache.maven.surefire.util.ReflectionUtils.invokeMethodWithArray(ReflectionUtils.java:189)
	at org.apache.maven.surefire.booter.ProviderFactory$ProviderProxy.invoke(ProviderFactory.java:165)
	at org.apache.maven.surefire.booter.ProviderFactory.invokeProvider(ProviderFactory.java:85)
	at org.apache.maven.surefire.booter.ForkedBooter.runSuitesInProcess(ForkedBooter.java:115)
</error>
  </testcase>
</testsuite>